/Applications/CLion.app/Contents/bin/cmake/mac/bin/cmake -DCMAKE_BUILD_TYPE=Debug -DCMAKE_MAKE_PROGRAM=/Applications/CLion.app/Contents/bin/ninja/mac/ninja -G Ninja -S /Users/htethtethtun/IoTClass/CLionProjects/OnlineBankPj -B /Users/htethtethtun/IoTClass/CLionProjects/OnlineBankPj/cmake-build-debug
-- The C compiler identification is unknown
-- Detecting C compiler ABI info
-- Detecting C compiler ABI info - failed
-- Check for working C compiler: /usr/bin/cc
-- Check for working C compiler: /usr/bin/cc - broken
CMake Error at /Applications/CLion.app/Contents/bin/cmake/mac/share/cmake-3.24/Modules/CMakeTestCCompiler.cmake:69 (message):
  The C compiler

    "/usr/bin/cc"

  is not able to compile a simple test program.

  It fails with the following output:

    Change Dir: /Users/htethtethtun/IoTClass/CLionProjects/OnlineBankPj/cmake-build-debug/CMakeFiles/CMakeTmp
    
    Run Build Command(s):/Applications/CLion.app/Contents/bin/ninja/mac/ninja cmTC_2e073 && [1/2] Building C object CMakeFiles/cmTC_2e073.dir/testCCompiler.c.o
    FAILED: CMakeFiles/cmTC_2e073.dir/testCCompiler.c.o 
    /usr/bin/cc   -arch arm64 -o CMakeFiles/cmTC_2e073.dir/testCCompiler.c.o -c /Users/htethtethtun/IoTClass/CLionProjects/OnlineBankPj/cmake-build-debug/CMakeFiles/CMakeTmp/testCCompiler.c
    xcrun: error: active developer path ("/Applications/Xcode.app/Contents/Developer") does not exist
    Use `sudo xcode-select --switch path/to/Xcode.app` to specify the Xcode that you wish to use for command line developer tools, or use `xcode-select --install` to install the standalone command line developer tools.
    See `man xcode-select` for more details.
    ninja: build stopped: subcommand failed.
    
    

  

  CMake will not be able to correctly generate this project.
Call Stack (most recent call first):
  CMakeLists.txt:2 (project)


-- Configuring incomplete, errors occurred!
See also "/Users/htethtethtun/IoTClass/CLionProjects/OnlineBankPj/cmake-build-debug/CMakeFiles/CMakeOutput.log".
See also "/Users/htethtethtun/IoTClass/CLionProjects/OnlineBankPj/cmake-build-debug/CMakeFiles/CMakeError.log".
